TN:
SF:/Users/gchampion/Google Drive/javascript/tasker-scripts/src/sms-receive.js
FN:31,getMaven
FN:85,(anonymous_1)
FN:86,(anonymous_2)
FN:92,(anonymous_3)
FN:94,(anonymous_4)
FNF:5
FNH:0
FNDA:0,getMaven
FNDA:0,(anonymous_1)
FNDA:0,(anonymous_2)
FNDA:0,(anonymous_3)
FNDA:0,(anonymous_4)
DA:1,0
DA:2,0
DA:4,0
DA:5,0
DA:6,0
DA:7,0
DA:9,0
DA:15,0
DA:17,0
DA:23,0
DA:25,0
DA:29,0
DA:32,0
DA:35,0
DA:36,0
DA:37,0
DA:38,0
DA:43,0
DA:44,0
DA:45,0
DA:46,0
DA:51,0
DA:52,0
DA:53,0
DA:54,0
DA:59,0
DA:62,0
DA:63,0
DA:64,0
DA:65,0
DA:66,0
DA:67,0
DA:68,0
DA:70,0
DA:79,0
DA:84,0
DA:85,0
DA:87,0
DA:93,0
DA:95,0
DA:98,0
LF:41
LH:0
BRDA:37,0,0,0
BRDA:37,0,1,0
BRDA:45,1,0,0
BRDA:45,1,1,0
BRDA:53,2,0,0
BRDA:53,2,1,0
BRF:6
BRH:0
end_of_record
TN:
SF:/Users/gchampion/Google Drive/javascript/tasker-scripts/src/sms-send.js
FNF:0
FNH:0
DA:1,0
DA:3,0
DA:4,0
DA:5,0
DA:12,0
DA:13,0
LF:6
LH:0
BRF:0
BRH:0
end_of_record
TN:
SF:/Users/gchampion/Google Drive/javascript/tasker-scripts/src/tasker.js
FN:2,alarmVol
FN:3,audioRecord
FN:4,audioRecordStop
FN:5,btVoiceVol
FN:6,browseURL
FN:7,button
FN:8,call
FN:9,callBlock
FN:10,callDivert
FN:11,callRevert
FN:12,callVol
FN:13,carMode
FN:14,clearKey
FN:15,composeEmail
FN:16,composeMMS
FN:17,composeSMS
FN:18,convert
FN:19,createDir
FN:20,createScene
FN:21,cropImage
FN:22,decryptDir
FN:23,decryptFile
FN:24,deleteDir
FN:25,deleteFile
FN:26,destroyScene
FN:27,disable
FN:28,displayAutoBright
FN:29,displayAutoRotate
FN:30,displayTimeout
FN:31,dpad
FN:32,dtmfVol
FN:33,elemBackColour
FN:34,elemBorder
FN:35,elemPosition
FN:36,elemText
FN:37,elemTextColour
FN:38,elemTextSize
FN:39,elemVisibility
FN:40,endCall
FN:41,enableProfile
FN:42,encryptDir
FN:43,encryptFile
FN:44,enterKey
FN:45,exit
FN:46,flash
FN:47,flashLong
FN:48,filterImage
FN:49,flipImage
FN:50,getLocation
FN:51,getVoice
FN:52,global
FN:53,goHome
FN:54,haptics
FN:55,hideScene
FN:56,listFiles
FN:57,loadApp
FN:58,loadImage
FN:59,local
FN:60,lock
FN:61,mediaControl
FN:62,mediaVol
FN:63,micMute
FN:64,mobileData
FN:65,musicBack
FN:66,musicPlay
FN:67,musicSkip
FN:68,musicStop
FN:69,nightMode
FN:70,notificationVol
FN:71,performTask
FN:72,popup
FN:73,profileActive
FN:74,pulse
FN:75,readFile
FN:76,reboot
FN:77,resizeImage
FN:78,ringerVol
FN:79,rotateImage
FN:80,saveImage
FN:81,say
FN:82,scanCard
FN:83,sendIntent
FN:84,sendSMS
FN:85,setClip
FN:86,settings
FN:87,setAirplaneMode
FN:88,setAirplaneRadios
FN:89,setAlarm
FN:90,setAutoSync
FN:91,setBT
FN:92,setBTID
FN:93,setGlobal
FN:94,setKey
FN:95,setLocal
FN:96,setWallpaper
FN:97,setWifi
FN:98,shell
FN:99,showScene
FN:100,shutdown
FN:101,silentMode
FN:102,sl4a
FN:103,soundEffects
FN:104,speakerphone
FN:105,statusBar
FN:106,stayOn
FN:107,stopLocation
FN:108,systemLock
FN:109,systemVol
FN:110,takeCall
FN:111,takePhoto
FN:112,taskRunning
FN:113,type
FN:114,unzip
FN:115,usbTether
FN:116,vibrate
FN:117,vibratePattern
FN:118,wait
FN:119,wifiTether
FN:120,writeFile
FN:121,zip
FNF:120
FNH:0
FNDA:0,alarmVol
FNDA:0,audioRecord
FNDA:0,audioRecordStop
FNDA:0,btVoiceVol
FNDA:0,browseURL
FNDA:0,button
FNDA:0,call
FNDA:0,callBlock
FNDA:0,callDivert
FNDA:0,callRevert
FNDA:0,callVol
FNDA:0,carMode
FNDA:0,clearKey
FNDA:0,composeEmail
FNDA:0,composeMMS
FNDA:0,composeSMS
FNDA:0,convert
FNDA:0,createDir
FNDA:0,createScene
FNDA:0,cropImage
FNDA:0,decryptDir
FNDA:0,decryptFile
FNDA:0,deleteDir
FNDA:0,deleteFile
FNDA:0,destroyScene
FNDA:0,disable
FNDA:0,displayAutoBright
FNDA:0,displayAutoRotate
FNDA:0,displayTimeout
FNDA:0,dpad
FNDA:0,dtmfVol
FNDA:0,elemBackColour
FNDA:0,elemBorder
FNDA:0,elemPosition
FNDA:0,elemText
FNDA:0,elemTextColour
FNDA:0,elemTextSize
FNDA:0,elemVisibility
FNDA:0,endCall
FNDA:0,enableProfile
FNDA:0,encryptDir
FNDA:0,encryptFile
FNDA:0,enterKey
FNDA:0,exit
FNDA:0,flash
FNDA:0,flashLong
FNDA:0,filterImage
FNDA:0,flipImage
FNDA:0,getLocation
FNDA:0,getVoice
FNDA:0,global
FNDA:0,goHome
FNDA:0,haptics
FNDA:0,hideScene
FNDA:0,listFiles
FNDA:0,loadApp
FNDA:0,loadImage
FNDA:0,local
FNDA:0,lock
FNDA:0,mediaControl
FNDA:0,mediaVol
FNDA:0,micMute
FNDA:0,mobileData
FNDA:0,musicBack
FNDA:0,musicPlay
FNDA:0,musicSkip
FNDA:0,musicStop
FNDA:0,nightMode
FNDA:0,notificationVol
FNDA:0,performTask
FNDA:0,popup
FNDA:0,profileActive
FNDA:0,pulse
FNDA:0,readFile
FNDA:0,reboot
FNDA:0,resizeImage
FNDA:0,ringerVol
FNDA:0,rotateImage
FNDA:0,saveImage
FNDA:0,say
FNDA:0,scanCard
FNDA:0,sendIntent
FNDA:0,sendSMS
FNDA:0,setClip
FNDA:0,settings
FNDA:0,setAirplaneMode
FNDA:0,setAirplaneRadios
FNDA:0,setAlarm
FNDA:0,setAutoSync
FNDA:0,setBT
FNDA:0,setBTID
FNDA:0,setGlobal
FNDA:0,setKey
FNDA:0,setLocal
FNDA:0,setWallpaper
FNDA:0,setWifi
FNDA:0,shell
FNDA:0,showScene
FNDA:0,shutdown
FNDA:0,silentMode
FNDA:0,sl4a
FNDA:0,soundEffects
FNDA:0,speakerphone
FNDA:0,statusBar
FNDA:0,stayOn
FNDA:0,stopLocation
FNDA:0,systemLock
FNDA:0,systemVol
FNDA:0,takeCall
FNDA:0,takePhoto
FNDA:0,taskRunning
FNDA:0,type
FNDA:0,unzip
FNDA:0,usbTether
FNDA:0,vibrate
FNDA:0,vibratePattern
FNDA:0,wait
FNDA:0,wifiTether
FNDA:0,writeFile
FNDA:0,zip
DA:2,0
DA:3,0
DA:4,0
DA:5,0
DA:6,0
DA:7,0
DA:8,0
DA:9,0
DA:10,0
DA:11,0
DA:12,0
DA:13,0
DA:14,0
DA:15,0
DA:16,0
DA:17,0
DA:18,0
DA:19,0
DA:20,0
DA:21,0
DA:22,0
DA:23,0
DA:24,0
DA:25,0
DA:26,0
DA:27,0
DA:28,0
DA:29,0
DA:30,0
DA:31,0
DA:32,0
DA:33,0
DA:34,0
DA:35,0
DA:36,0
DA:37,0
DA:38,0
DA:39,0
DA:40,0
DA:41,0
DA:42,0
DA:43,0
DA:44,0
DA:48,0
DA:49,0
DA:50,0
DA:51,0
DA:52,0
DA:54,0
DA:55,0
DA:56,0
DA:57,0
DA:58,0
DA:59,0
DA:60,0
DA:61,0
DA:62,0
DA:63,0
DA:64,0
DA:65,0
DA:66,0
DA:67,0
DA:68,0
DA:69,0
DA:70,0
DA:71,0
DA:72,0
DA:73,0
DA:74,0
DA:75,0
DA:76,0
DA:77,0
DA:78,0
DA:79,0
DA:80,0
DA:81,0
DA:82,0
DA:83,0
DA:84,0
DA:85,0
DA:86,0
DA:87,0
DA:88,0
DA:89,0
DA:90,0
DA:91,0
DA:92,0
DA:94,0
DA:96,0
DA:97,0
DA:98,0
DA:99,0
DA:100,0
DA:101,0
DA:102,0
DA:103,0
DA:104,0
DA:105,0
DA:106,0
DA:107,0
DA:108,0
DA:109,0
DA:110,0
DA:111,0
DA:112,0
DA:113,0
DA:114,0
DA:115,0
DA:117,0
DA:118,0
DA:119,0
DA:120,0
DA:121,0
LF:113
LH:0
BRDA:52,0,0,0
BRDA:52,0,1,0
BRDA:52,1,0,0
BRDA:52,1,1,0
BRF:4
BRH:0
end_of_record
TN:
SF:/Users/gchampion/Google Drive/javascript/tasker-scripts/src/common/error.js
FN:2,enumerateError
FN:12,getFullErrorStack
FNF:2
FNH:0
FNDA:0,enumerateError
FNDA:0,getFullErrorStack
DA:3,0
DA:13,0
DA:14,0
DA:15,0
DA:16,0
DA:17,0
DA:20,0
DA:23,0
DA:24,0
LF:9
LH:0
BRDA:13,0,0,0
BRDA:13,0,1,0
BRDA:14,1,0,0
BRDA:14,1,1,0
BRDA:14,2,0,0
BRDA:14,2,1,0
BRDA:16,3,0,0
BRDA:16,3,1,0
BRF:8
BRH:0
end_of_record
TN:
SF:/Users/gchampion/Google Drive/javascript/tasker-scripts/src/common/logger.js
FN:7,sms
FN:13,post
FNF:2
FNH:0
FNDA:0,sms
FNDA:0,post
DA:1,0
DA:3,0
DA:4,0
DA:5,0
DA:8,0
DA:9,0
DA:10,0
DA:14,0
DA:15,0
DA:16,0
DA:17,0
DA:20,0
DA:21,0
LF:13
LH:0
BRF:0
BRH:0
end_of_record
TN:
SF:/Users/gchampion/Google Drive/javascript/tasker-scripts/src/common/numbers.js
FN:25,(anonymous_0)
FN:32,getNameByNumber
FN:33,(anonymous_2)
FN:58,getByContactName
FN:61,(anonymous_4)
FN:67,(anonymous_5)
FN:77,(anonymous_6)
FNF:7
FNH:7
FNDA:7,(anonymous_0)
FNDA:7,getNameByNumber
FNDA:28,(anonymous_2)
FNDA:4,getByContactName
FNDA:6,(anonymous_4)
FNDA:11,(anonymous_5)
FNDA:3,(anonymous_6)
DA:1,1
DA:14,1
DA:24,1
DA:26,7
DA:27,7
DA:28,7
DA:29,7
DA:33,7
DA:34,28
DA:35,28
DA:37,7
DA:41,1
DA:59,4
DA:60,4
DA:61,4
DA:62,6
DA:65,4
DA:66,4
DA:67,4
DA:68,11
DA:71,4
DA:72,4
DA:73,4
DA:74,2
DA:77,2
DA:78,3
DA:80,2
DA:83,1
DA:84,1
DA:85,1
DA:86,1
DA:87,1
DA:88,1
LF:33
LH:33
BRDA:73,0,0,2
BRDA:73,0,1,2
BRDA:73,1,0,4
BRDA:73,1,1,2
BRF:4
BRH:4
end_of_record
